<?xml version="1.0" encoding="UTF-8"?>
<!-- Generated by org.testng.reporters.JUnitReportReporter -->
<testsuite hostname="DESKTOP-U691P5C" failures="0" tests="2" name="selenium.MultipleWindowHandles" time="29.472" errors="0" timestamp="2024-04-03T18:58:23 IST" skipped="0">
  <testcase classname="selenium.MultipleWindowHandles" name="handleWindows" time="15.233"/>
  <testcase classname="selenium.MultipleWindowHandles" name="handleTabs" time="14.239"/>
</testsuite> <!-- selenium.MultipleWindowHandles -->
