<?xml version="1.0" encoding="UTF-8"?>
<!-- Generated by org.testng.reporters.JUnitReportReporter -->
<testsuite hostname="DESKTOP-PCR30MG" failures="0" tests="1" name="selenium.DatePicker" time="3.872" errors="0" timestamp="2023-09-29T17:56:42 IST" skipped="0">
  <testcase classname="selenium.DatePicker" name="setup" time="3.872"/>
</testsuite> <!-- selenium.DatePicker -->
