<?xml version="1.0" encoding="UTF-8"?>
<!-- Generated by org.testng.reporters.JUnitReportReporter -->
<testsuite hostname="DESKTOP-U691P5C" failures="0" tests="2" name="demo.Xmlgrops" time="0.007" errors="0" timestamp="2024-02-15T17:19:52 IST" skipped="0">
  <testcase classname="demo.Xmlgrops" name="m5" time="0.001"/>
  <testcase classname="demo.Xmlgrops" name="m3" time="0.006"/>
</testsuite> <!-- demo.Xmlgrops -->
