<?xml version="1.0" encoding="UTF-8"?>
<!-- Generated by org.testng.reporters.JUnitReportReporter -->
<testsuite hostname="DESKTOP-U691P5C" failures="0" tests="1" name="selenium.HyrWindowHandles" time="24.539" errors="0" timestamp="2024-04-14T12:23:07 IST" skipped="0">
  <testcase classname="selenium.HyrWindowHandles" name="setUp" time="24.539"/>
</testsuite> <!-- selenium.HyrWindowHandles -->
