<?xml version="1.0" encoding="UTF-8"?>
<!-- Generated by org.testng.reporters.JUnitReportReporter -->
<testsuite hostname="DESKTOP-U691P5C" failures="0" tests="1" name="selenium.MultiSelectedDropDown" time="4.632" errors="0" timestamp="2024-04-02T10:59:19 IST" skipped="0">
  <testcase classname="selenium.MultiSelectedDropDown" name="setUp" time="4.632"/>
</testsuite> <!-- selenium.MultiSelectedDropDown -->
