<?xml version="1.0" encoding="UTF-8"?>
<!-- Generated by org.testng.reporters.JUnitReportReporter -->
<testsuite hostname="DESKTOP-PCR30MG" failures="0" tests="1" name="selenium.Truegreen" time="15.592" errors="0" timestamp="2023-10-27T16:35:02 IST" skipped="0">
  <testcase classname="selenium.Truegreen" name="setUp" time="15.592"/>
</testsuite> <!-- selenium.Truegreen -->
