<?xml version="1.0" encoding="UTF-8"?>
<!-- Generated by org.testng.reporters.JUnitReportReporter -->
<testsuite hostname="DESKTOP-PCR30MG" failures="0" tests="1" name="selenium.Truegreen2" time="15.792" errors="0" timestamp="2023-10-30T15:04:28 IST" skipped="0">
  <testcase classname="selenium.Truegreen2" name="setUp" time="15.792"/>
</testsuite> <!-- selenium.Truegreen2 -->
