<?xml version="1.0" encoding="UTF-8"?>
<!-- Generated by org.testng.reporters.JUnitReportReporter -->
<testsuite hostname="DESKTOP-U691P5C" failures="0" tests="1" name="selenium.MeeshowTask" time="7.055" errors="0" timestamp="2024-01-30T20:08:19 IST" skipped="0">
  <testcase classname="selenium.MeeshowTask" name="setup" time="7.055"/>
</testsuite> <!-- selenium.MeeshowTask -->
