<?xml version="1.0" encoding="UTF-8"?>
<!-- Generated by org.testng.reporters.JUnitReportReporter -->
<testsuite hostname="DESKTOP-U691P5C" failures="0" tests="1" name="selenium.LetcodeWindowHandles" time="21.905" errors="0" timestamp="2024-04-14T12:21:48 IST" skipped="0">
  <testcase classname="selenium.LetcodeWindowHandles" name="setUp" time="21.905"/>
</testsuite> <!-- selenium.LetcodeWindowHandles -->
