<?xml version="1.0" encoding="UTF-8"?>
<!-- Generated by org.testng.reporters.JUnitReportReporter -->
<testsuite hostname="DESKTOP-U691P5C" failures="0" tests="1" name="selenium.HightLightFeailds" time="7.857" errors="0" timestamp="2024-04-11T09:35:09 IST" skipped="0">
  <testcase classname="selenium.HightLightFeailds" name="elementHighlight" time="7.857"/>
</testsuite> <!-- selenium.HightLightFeailds -->
