<?xml version="1.0" encoding="UTF-8"?>
<!-- Generated by org.testng.reporters.JUnitReportReporter -->
<testsuite hostname="DESKTOP-U691P5C" failures="0" tests="1" name="recordVoidio.Atu_Test_Vidio_Repoert" time="8.879" errors="0" timestamp="2024-04-10T15:51:10 IST" skipped="0">
  <testcase classname="recordVoidio.Atu_Test_Vidio_Repoert" name="getAppURL" time="8.879"/>
</testsuite> <!-- recordVoidio.Atu_Test_Vidio_Repoert -->
