<?xml version="1.0" encoding="UTF-8"?>
<!-- Generated by org.testng.reporters.JUnitReportReporter -->
<testsuite hostname="DESKTOP-PCR30MG" failures="0" tests="1" name="selenium.ScrollUp" time="23.016" errors="0" timestamp="2023-09-29T14:01:29 IST" skipped="0">
  <testcase classname="selenium.ScrollUp" name="scrollDown" time="23.016"/>
</testsuite> <!-- selenium.ScrollUp -->
