<?xml version="1.0" encoding="UTF-8"?>
<!-- Generated by org.testng.reporters.JUnitReportReporter -->
<testsuite hostname="DESKTOP-PCR30MG" failures="0" tests="1" name="selenium.TrueGiini" time="16.245" errors="0" timestamp="2023-10-05T15:17:50 IST" skipped="0">
  <testcase classname="selenium.TrueGiini" name="setup" time="16.245"/>
</testsuite> <!-- selenium.TrueGiini -->
