<?xml version="1.0" encoding="UTF-8"?>
<!-- Generated by org.testng.reporters.JUnitReportReporter -->
<testsuite hostname="DESKTOP-PCR30MG" failures="0" tests="1" name="selenium.Patasala" time="12.249" errors="0" timestamp="2023-10-05T17:03:18 IST" skipped="0">
  <testcase classname="selenium.Patasala" name="setUp" time="12.249"/>
</testsuite> <!-- selenium.Patasala -->
