<?xml version="1.0" encoding="UTF-8"?>
<!-- Generated by org.testng.reporters.JUnitReportReporter -->
<testsuite hostname="DESKTOP-U691P5C" failures="0" tests="1" name="selenium.DtesSelenium" time="91.329" errors="0" timestamp="2024-06-25T10:15:09 IST" skipped="0">
  <testcase classname="selenium.DtesSelenium" name="setup" time="91.329"/>
</testsuite> <!-- selenium.DtesSelenium -->
